2024-10-11 10:56:09 - PHP Unknown:  Using the "Twig_Loader_Array" class is deprecated since Twig version 2.7, use "Twig\Loader\ArrayLoader" instead. in /var/www/kenek/opencart/system/storage/vendor/twig/twig/lib/Twig/Loader/Array.php on line 7
2024-10-11 10:56:09 - PHP Unknown:  Using the "Twig_Loader_Filesystem" class is deprecated since Twig version 2.7, use "Twig\Loader\FilesystemLoader" instead. in /var/www/kenek/opencart/system/storage/vendor/twig/twig/lib/Twig/Loader/Filesystem.php on line 7
2024-10-11 10:56:09 - PHP Unknown:  realpath(): Passing null to parameter #1 ($path) of type string is deprecated in /var/www/kenek/opencart/system/storage/vendor/twig/twig/src/Loader/FilesystemLoader.php on line 40
2024-10-11 10:56:09 - PHP Unknown:  Using the "Twig_Loader_Chain" class is deprecated since Twig version 2.7, use "Twig\Loader\ChainLoader" instead. in /var/www/kenek/opencart/system/storage/vendor/twig/twig/lib/Twig/Loader/Chain.php on line 7
2024-10-11 10:56:09 - PHP Unknown:  Return type of Twig\Node\Node::count() should either be compatible with Countable::count(): int, or the #[\ReturnTypeWillChange] attribute should be used to temporarily suppress the notice in /var/www/kenek/opencart/system/storage/vendor/twig/twig/src/Node/Node.php on line 161
2024-10-11 10:56:09 - PHP Unknown:  Return type of Twig\Node\Node::getIterator() should either be compatible with IteratorAggregate::getIterator(): Traversable, or the #[\ReturnTypeWillChange] attribute should be used to temporarily suppress the notice in /var/www/kenek/opencart/system/storage/vendor/twig/twig/src/Node/Node.php on line 166
2024-10-11 10:56:09 - PHP Unknown:  realpath(): Passing null to parameter #1 ($path) of type string is deprecated in /var/www/kenek/opencart/system/storage/vendor/twig/twig/src/Loader/FilesystemLoader.php on line 40
2024-10-11 10:56:09 - PHP Unknown:  realpath(): Passing null to parameter #1 ($path) of type string is deprecated in /var/www/kenek/opencart/system/storage/vendor/twig/twig/src/Loader/FilesystemLoader.php on line 40
2024-10-11 10:56:09 - PHP Unknown:  realpath(): Passing null to parameter #1 ($path) of type string is deprecated in /var/www/kenek/opencart/system/storage/vendor/twig/twig/src/Loader/FilesystemLoader.php on line 40
2024-10-11 10:56:18 - PHP Unknown:  Using the "Twig_Loader_Array" class is deprecated since Twig version 2.7, use "Twig\Loader\ArrayLoader" instead. in /var/www/kenek/opencart/system/storage/vendor/twig/twig/lib/Twig/Loader/Array.php on line 7
2024-10-11 10:56:18 - PHP Unknown:  Using the "Twig_Loader_Filesystem" class is deprecated since Twig version 2.7, use "Twig\Loader\FilesystemLoader" instead. in /var/www/kenek/opencart/system/storage/vendor/twig/twig/lib/Twig/Loader/Filesystem.php on line 7
2024-10-11 10:56:18 - PHP Unknown:  realpath(): Passing null to parameter #1 ($path) of type string is deprecated in /var/www/kenek/opencart/system/storage/vendor/twig/twig/src/Loader/FilesystemLoader.php on line 40
2024-10-11 10:56:18 - PHP Unknown:  Using the "Twig_Loader_Chain" class is deprecated since Twig version 2.7, use "Twig\Loader\ChainLoader" instead. in /var/www/kenek/opencart/system/storage/vendor/twig/twig/lib/Twig/Loader/Chain.php on line 7
2024-10-11 10:56:18 - PHP Unknown:  realpath(): Passing null to parameter #1 ($path) of type string is deprecated in /var/www/kenek/opencart/system/storage/vendor/twig/twig/src/Loader/FilesystemLoader.php on line 40
2024-10-11 10:56:18 - PHP Unknown:  realpath(): Passing null to parameter #1 ($path) of type string is deprecated in /var/www/kenek/opencart/system/storage/vendor/twig/twig/src/Loader/FilesystemLoader.php on line 40
2024-10-11 10:56:18 - PHP Unknown:  realpath(): Passing null to parameter #1 ($path) of type string is deprecated in /var/www/kenek/opencart/system/storage/vendor/twig/twig/src/Loader/FilesystemLoader.php on line 40
2024-10-11 10:56:18 - PHP Unknown:  Return type of Twig\Node\Node::count() should either be compatible with Countable::count(): int, or the #[\ReturnTypeWillChange] attribute should be used to temporarily suppress the notice in /var/www/kenek/opencart/system/storage/vendor/twig/twig/src/Node/Node.php on line 161
2024-10-11 10:56:18 - PHP Unknown:  Return type of Twig\Node\Node::getIterator() should either be compatible with IteratorAggregate::getIterator(): Traversable, or the #[\ReturnTypeWillChange] attribute should be used to temporarily suppress the notice in /var/www/kenek/opencart/system/storage/vendor/twig/twig/src/Node/Node.php on line 166
2024-10-11 11:00:38 - PHP Unknown:  Using the "Twig_Loader_Array" class is deprecated since Twig version 2.7, use "Twig\Loader\ArrayLoader" instead. in /var/www/kenek/opencart/system/storage/vendor/twig/twig/lib/Twig/Loader/Array.php on line 7
2024-10-11 11:00:38 - PHP Unknown:  Using the "Twig_Loader_Filesystem" class is deprecated since Twig version 2.7, use "Twig\Loader\FilesystemLoader" instead. in /var/www/kenek/opencart/system/storage/vendor/twig/twig/lib/Twig/Loader/Filesystem.php on line 7
2024-10-11 11:00:38 - PHP Unknown:  realpath(): Passing null to parameter #1 ($path) of type string is deprecated in /var/www/kenek/opencart/system/storage/vendor/twig/twig/src/Loader/FilesystemLoader.php on line 40
2024-10-11 11:00:38 - PHP Unknown:  Using the "Twig_Loader_Chain" class is deprecated since Twig version 2.7, use "Twig\Loader\ChainLoader" instead. in /var/www/kenek/opencart/system/storage/vendor/twig/twig/lib/Twig/Loader/Chain.php on line 7
2024-10-11 11:00:38 - PHP Unknown:  realpath(): Passing null to parameter #1 ($path) of type string is deprecated in /var/www/kenek/opencart/system/storage/vendor/twig/twig/src/Loader/FilesystemLoader.php on line 40
2024-10-11 11:00:38 - PHP Unknown:  realpath(): Passing null to parameter #1 ($path) of type string is deprecated in /var/www/kenek/opencart/system/storage/vendor/twig/twig/src/Loader/FilesystemLoader.php on line 40
2024-10-11 11:00:38 - PHP Unknown:  Return type of Twig\Node\Node::count() should either be compatible with Countable::count(): int, or the #[\ReturnTypeWillChange] attribute should be used to temporarily suppress the notice in /var/www/kenek/opencart/system/storage/vendor/twig/twig/src/Node/Node.php on line 161
2024-10-11 11:00:38 - PHP Unknown:  Return type of Twig\Node\Node::getIterator() should either be compatible with IteratorAggregate::getIterator(): Traversable, or the #[\ReturnTypeWillChange] attribute should be used to temporarily suppress the notice in /var/www/kenek/opencart/system/storage/vendor/twig/twig/src/Node/Node.php on line 166
2024-10-11 11:00:45 - PHP Unknown:  mysqli::real_escape_string(): Passing null to parameter #1 ($string) of type string is deprecated in /var/www/kenek/opencart/system/library/db/mysqli.php on line 46
2024-10-11 11:00:45 - PHP Unknown:  Automatic conversion of false to array is deprecated in /var/www/kenek/opencart/catalog/controller/startup/startup.php on line 103
2024-10-11 11:00:45 - PHP Unknown:  Using the "Twig_Loader_Array" class is deprecated since Twig version 2.7, use "Twig\Loader\ArrayLoader" instead. in /var/www/kenek/opencart/system/storage/vendor/twig/twig/lib/Twig/Loader/Array.php on line 7
2024-10-11 11:00:45 - PHP Unknown:  Using the "Twig_Loader_Filesystem" class is deprecated since Twig version 2.7, use "Twig\Loader\FilesystemLoader" instead. in /var/www/kenek/opencart/system/storage/vendor/twig/twig/lib/Twig/Loader/Filesystem.php on line 7
2024-10-11 11:00:45 - PHP Unknown:  realpath(): Passing null to parameter #1 ($path) of type string is deprecated in /var/www/kenek/opencart/system/storage/vendor/twig/twig/src/Loader/FilesystemLoader.php on line 40
2024-10-11 11:00:45 - PHP Unknown:  Using the "Twig_Loader_Chain" class is deprecated since Twig version 2.7, use "Twig\Loader\ChainLoader" instead. in /var/www/kenek/opencart/system/storage/vendor/twig/twig/lib/Twig/Loader/Chain.php on line 7
2024-10-11 11:00:45 - PHP Unknown:  Return type of Twig\Node\Node::count() should either be compatible with Countable::count(): int, or the #[\ReturnTypeWillChange] attribute should be used to temporarily suppress the notice in /var/www/kenek/opencart/system/storage/vendor/twig/twig/src/Node/Node.php on line 161
2024-10-11 11:00:45 - PHP Unknown:  Return type of Twig\Node\Node::getIterator() should either be compatible with IteratorAggregate::getIterator(): Traversable, or the #[\ReturnTypeWillChange] attribute should be used to temporarily suppress the notice in /var/www/kenek/opencart/system/storage/vendor/twig/twig/src/Node/Node.php on line 166
2024-10-11 11:00:45 - PHP Unknown:  realpath(): Passing null to parameter #1 ($path) of type string is deprecated in /var/www/kenek/opencart/system/storage/vendor/twig/twig/src/Loader/FilesystemLoader.php on line 40
2024-10-11 11:00:45 - PHP Unknown:  realpath(): Passing null to parameter #1 ($path) of type string is deprecated in /var/www/kenek/opencart/system/storage/vendor/twig/twig/src/Loader/FilesystemLoader.php on line 40
2024-10-11 11:00:45 - PHP Unknown:  round(): Passing null to parameter #1 ($num) of type int|float is deprecated in /var/www/kenek/opencart/catalog/model/catalog/product.php on line 50
2024-10-11 11:00:45 - PHP Unknown:  round(): Passing null to parameter #1 ($num) of type int|float is deprecated in /var/www/kenek/opencart/catalog/model/catalog/product.php on line 50
2024-10-11 11:00:45 - PHP Unknown:  round(): Passing null to parameter #1 ($num) of type int|float is deprecated in /var/www/kenek/opencart/catalog/model/catalog/product.php on line 50
2024-10-11 11:00:45 - PHP Unknown:  round(): Passing null to parameter #1 ($num) of type int|float is deprecated in /var/www/kenek/opencart/catalog/model/catalog/product.php on line 50
2024-10-11 11:00:45 - PHP Unknown:  realpath(): Passing null to parameter #1 ($path) of type string is deprecated in /var/www/kenek/opencart/system/storage/vendor/twig/twig/src/Loader/FilesystemLoader.php on line 40
2024-10-11 11:00:45 - PHP Unknown:  realpath(): Passing null to parameter #1 ($path) of type string is deprecated in /var/www/kenek/opencart/system/storage/vendor/twig/twig/src/Loader/FilesystemLoader.php on line 40
2024-10-11 11:00:45 - PHP Unknown:  realpath(): Passing null to parameter #1 ($path) of type string is deprecated in /var/www/kenek/opencart/system/storage/vendor/twig/twig/src/Loader/FilesystemLoader.php on line 40
2024-10-11 11:00:45 - PHP Unknown:  realpath(): Passing null to parameter #1 ($path) of type string is deprecated in /var/www/kenek/opencart/system/storage/vendor/twig/twig/src/Loader/FilesystemLoader.php on line 40
2024-10-11 11:00:45 - PHP Unknown:  realpath(): Passing null to parameter #1 ($path) of type string is deprecated in /var/www/kenek/opencart/system/storage/vendor/twig/twig/src/Loader/FilesystemLoader.php on line 40
2024-10-11 11:00:45 - PHP Unknown:  realpath(): Passing null to parameter #1 ($path) of type string is deprecated in /var/www/kenek/opencart/system/storage/vendor/twig/twig/src/Loader/FilesystemLoader.php on line 40
2024-10-11 11:00:45 - PHP Unknown:  realpath(): Passing null to parameter #1 ($path) of type string is deprecated in /var/www/kenek/opencart/system/storage/vendor/twig/twig/src/Loader/FilesystemLoader.php on line 40
2024-10-11 11:00:45 - PHP Unknown:  realpath(): Passing null to parameter #1 ($path) of type string is deprecated in /var/www/kenek/opencart/system/storage/vendor/twig/twig/src/Loader/FilesystemLoader.php on line 40
2024-10-11 11:00:45 - PHP Unknown:  realpath(): Passing null to parameter #1 ($path) of type string is deprecated in /var/www/kenek/opencart/system/storage/vendor/twig/twig/src/Loader/FilesystemLoader.php on line 40
2024-10-11 11:00:45 - PHP Unknown:  realpath(): Passing null to parameter #1 ($path) of type string is deprecated in /var/www/kenek/opencart/system/storage/vendor/twig/twig/src/Loader/FilesystemLoader.php on line 40
2024-10-11 11:00:45 - PHP Unknown:  realpath(): Passing null to parameter #1 ($path) of type string is deprecated in /var/www/kenek/opencart/system/storage/vendor/twig/twig/src/Loader/FilesystemLoader.php on line 40
2024-10-11 11:00:45 - PHP Unknown:  realpath(): Passing null to parameter #1 ($path) of type string is deprecated in /var/www/kenek/opencart/system/storage/vendor/twig/twig/src/Loader/FilesystemLoader.php on line 40
2024-10-11 11:00:45 - PHP Unknown:  realpath(): Passing null to parameter #1 ($path) of type string is deprecated in /var/www/kenek/opencart/system/storage/vendor/twig/twig/src/Loader/FilesystemLoader.php on line 40
2024-10-11 11:00:45 - PHP Unknown:  realpath(): Passing null to parameter #1 ($path) of type string is deprecated in /var/www/kenek/opencart/system/storage/vendor/twig/twig/src/Loader/FilesystemLoader.php on line 40
2024-10-11 11:01:17 - PHP Unknown:  Using the "Twig_Loader_Array" class is deprecated since Twig version 2.7, use "Twig\Loader\ArrayLoader" instead. in /var/www/kenek/opencart/system/storage/vendor/twig/twig/lib/Twig/Loader/Array.php on line 7
2024-10-11 11:01:17 - PHP Unknown:  Using the "Twig_Loader_Filesystem" class is deprecated since Twig version 2.7, use "Twig\Loader\FilesystemLoader" instead. in /var/www/kenek/opencart/system/storage/vendor/twig/twig/lib/Twig/Loader/Filesystem.php on line 7
2024-10-11 11:01:17 - PHP Unknown:  realpath(): Passing null to parameter #1 ($path) of type string is deprecated in /var/www/kenek/opencart/system/storage/vendor/twig/twig/src/Loader/FilesystemLoader.php on line 40
2024-10-11 11:01:17 - PHP Unknown:  Using the "Twig_Loader_Chain" class is deprecated since Twig version 2.7, use "Twig\Loader\ChainLoader" instead. in /var/www/kenek/opencart/system/storage/vendor/twig/twig/lib/Twig/Loader/Chain.php on line 7
2024-10-11 11:01:17 - PHP Unknown:  Return type of Twig\Node\Node::count() should either be compatible with Countable::count(): int, or the #[\ReturnTypeWillChange] attribute should be used to temporarily suppress the notice in /var/www/kenek/opencart/system/storage/vendor/twig/twig/src/Node/Node.php on line 161
2024-10-11 11:01:17 - PHP Unknown:  Return type of Twig\Node\Node::getIterator() should either be compatible with IteratorAggregate::getIterator(): Traversable, or the #[\ReturnTypeWillChange] attribute should be used to temporarily suppress the notice in /var/www/kenek/opencart/system/storage/vendor/twig/twig/src/Node/Node.php on line 166
2024-10-11 11:01:17 - PHP Unknown:  realpath(): Passing null to parameter #1 ($path) of type string is deprecated in /var/www/kenek/opencart/system/storage/vendor/twig/twig/src/Loader/FilesystemLoader.php on line 40
2024-10-11 11:01:17 - PHP Unknown:  realpath(): Passing null to parameter #1 ($path) of type string is deprecated in /var/www/kenek/opencart/system/storage/vendor/twig/twig/src/Loader/FilesystemLoader.php on line 40
2024-10-11 11:01:21 - PHP Unknown:  Using the "Twig_Loader_Array" class is deprecated since Twig version 2.7, use "Twig\Loader\ArrayLoader" instead. in /var/www/kenek/opencart/system/storage/vendor/twig/twig/lib/Twig/Loader/Array.php on line 7
2024-10-11 11:01:21 - PHP Unknown:  Using the "Twig_Loader_Filesystem" class is deprecated since Twig version 2.7, use "Twig\Loader\FilesystemLoader" instead. in /var/www/kenek/opencart/system/storage/vendor/twig/twig/lib/Twig/Loader/Filesystem.php on line 7
2024-10-11 11:01:21 - PHP Unknown:  realpath(): Passing null to parameter #1 ($path) of type string is deprecated in /var/www/kenek/opencart/system/storage/vendor/twig/twig/src/Loader/FilesystemLoader.php on line 40
2024-10-11 11:01:21 - PHP Unknown:  Using the "Twig_Loader_Chain" class is deprecated since Twig version 2.7, use "Twig\Loader\ChainLoader" instead. in /var/www/kenek/opencart/system/storage/vendor/twig/twig/lib/Twig/Loader/Chain.php on line 7
2024-10-11 11:01:21 - PHP Unknown:  Return type of Twig\Node\Node::count() should either be compatible with Countable::count(): int, or the #[\ReturnTypeWillChange] attribute should be used to temporarily suppress the notice in /var/www/kenek/opencart/system/storage/vendor/twig/twig/src/Node/Node.php on line 161
2024-10-11 11:01:21 - PHP Unknown:  Return type of Twig\Node\Node::getIterator() should either be compatible with IteratorAggregate::getIterator(): Traversable, or the #[\ReturnTypeWillChange] attribute should be used to temporarily suppress the notice in /var/www/kenek/opencart/system/storage/vendor/twig/twig/src/Node/Node.php on line 166
2024-10-11 11:01:21 - PHP Unknown:  realpath(): Passing null to parameter #1 ($path) of type string is deprecated in /var/www/kenek/opencart/system/storage/vendor/twig/twig/src/Loader/FilesystemLoader.php on line 40
2024-10-11 11:01:21 - PHP Unknown:  realpath(): Passing null to parameter #1 ($path) of type string is deprecated in /var/www/kenek/opencart/system/storage/vendor/twig/twig/src/Loader/FilesystemLoader.php on line 40
2024-10-11 11:01:22 - PHP Unknown:  realpath(): Passing null to parameter #1 ($path) of type string is deprecated in /var/www/kenek/opencart/system/storage/vendor/twig/twig/src/Loader/FilesystemLoader.php on line 40
2024-10-11 11:01:22 - PHP Unknown:  realpath(): Passing null to parameter #1 ($path) of type string is deprecated in /var/www/kenek/opencart/system/storage/vendor/twig/twig/src/Loader/FilesystemLoader.php on line 40
2024-10-11 11:01:22 - PHP Unknown:  realpath(): Passing null to parameter #1 ($path) of type string is deprecated in /var/www/kenek/opencart/system/storage/vendor/twig/twig/src/Loader/FilesystemLoader.php on line 40
2024-10-11 11:01:22 - PHP Unknown:  realpath(): Passing null to parameter #1 ($path) of type string is deprecated in /var/www/kenek/opencart/system/storage/vendor/twig/twig/src/Loader/FilesystemLoader.php on line 40
2024-10-11 11:01:22 - PHP Unknown:  round(): Passing null to parameter #1 ($num) of type int|float is deprecated in /var/www/kenek/opencart/admin/controller/extension/dashboard/sale.php on line 116
2024-10-11 11:01:22 - PHP Unknown:  realpath(): Passing null to parameter #1 ($path) of type string is deprecated in /var/www/kenek/opencart/system/storage/vendor/twig/twig/src/Loader/FilesystemLoader.php on line 40
2024-10-11 11:01:22 - PHP Unknown:  realpath(): Passing null to parameter #1 ($path) of type string is deprecated in /var/www/kenek/opencart/system/storage/vendor/twig/twig/src/Loader/FilesystemLoader.php on line 40
2024-10-11 11:01:22 - PHP Unknown:  realpath(): Passing null to parameter #1 ($path) of type string is deprecated in /var/www/kenek/opencart/system/storage/vendor/twig/twig/src/Loader/FilesystemLoader.php on line 40
2024-10-11 11:01:22 - PHP Unknown:  realpath(): Passing null to parameter #1 ($path) of type string is deprecated in /var/www/kenek/opencart/system/storage/vendor/twig/twig/src/Loader/FilesystemLoader.php on line 40
2024-10-11 11:01:22 - PHP Unknown:  realpath(): Passing null to parameter #1 ($path) of type string is deprecated in /var/www/kenek/opencart/system/storage/vendor/twig/twig/src/Loader/FilesystemLoader.php on line 40
2024-10-11 11:01:22 - PHP Unknown:  realpath(): Passing null to parameter #1 ($path) of type string is deprecated in /var/www/kenek/opencart/system/storage/vendor/twig/twig/src/Loader/FilesystemLoader.php on line 40
2024-10-11 11:01:22 - PHP Unknown:  realpath(): Passing null to parameter #1 ($path) of type string is deprecated in /var/www/kenek/opencart/system/storage/vendor/twig/twig/src/Loader/FilesystemLoader.php on line 40
